-------------------------------------------------------------------------------
Test set: com.stackroute.registrationservice.RegistrationServiceApplicationTests
-------------------------------------------------------------------------------
Tests run: 1, Failures: 0, Errors: 1, Skipped: 0, Time elapsed: 0.288 s <<< FAILURE! - in com.stackroute.registrationservice.RegistrationServiceApplicationTests
com.stackroute.registrationservice.RegistrationServiceApplicationTests  Time elapsed: 0.287 s  <<< ERROR!
java.lang.IllegalStateException: Unable to find a @SpringBootConfiguration, you need to use @ContextConfiguration or @SpringBootTest(classes=...) with your test

