<?xml version="1.0" encoding="UTF-8"?>
<testsuite xmlns:xsi="http://www.w3.org/2001/XMLSchema-instance" xsi:noNamespaceSchemaLocation="https://maven.apache.org/surefire/maven-surefire-plugin/xsd/surefire-test-report.xsd" name="com.stackroute.registrationservice.RegistrationServiceApplicationTests" time="0.288" tests="1" errors="1" skipped="0" failures="0">
  <properties>
[...]
</properties>
  <testcase name="com.stackroute.registrationservice.RegistrationServiceApplicationTests" classname="com.stackroute.registrationservice.RegistrationServiceApplicationTests" time="0.287">
    <error message="Unable to find a @SpringBootConfiguration, you need to use @ContextConfiguration or @SpringBootTest(classes=...) with your test" type="java.lang.IllegalStateException">java.lang.IllegalStateException: Unable to find a @SpringBootConfiguration, you need to use @ContextConfiguration or @SpringBootTest(classes=...) with your test
</error>
    <system-out><![CDATA[16:17:46.122 [main] DEBUG org.springframework.test.context.BootstrapUtils - Instantiating CacheAwareContextLoaderDelegate from class [org.springframework.test.context.cache.DefaultCacheAwareContextLoaderDelegate]
16:17:46.133 [main] DEBUG org.springframework.test.context.BootstrapUtils - Instantiating BootstrapContext using constructor [public org.springframework.test.context.support.DefaultBootstrapContext(java.lang.Class,org.springframework.test.context.CacheAwareContextLoaderDelegate)]
16:17:46.172 [main] DEBUG org.springframework.test.context.BootstrapUtils - Instantiating TestContextBootstrapper for test class [com.stackroute.registrationservice.RegistrationServiceApplicationTests] from class [org.springframework.boot.test.context.SpringBootTestContextBootstrapper]
16:17:46.185 [main] INFO org.springframework.boot.test.context.SpringBootTestContextBootstrapper - Neither @ContextConfiguration nor @ContextHierarchy found for test class [com.stackroute.registrationservice.RegistrationServiceApplicationTests], using SpringBootContextLoader
16:17:46.189 [main] DEBUG org.springframework.test.context.support.AbstractContextLoader - Did not detect default resource location for test class [com.stackroute.registrationservice.RegistrationServiceApplicationTests]: class path resource [com/stackroute/registrationservice/RegistrationServiceApplicationTests-context.xml] does not exist
16:17:46.190 [main] DEBUG org.springframework.test.context.support.AbstractContextLoader - Did not detect default resource location for test class [com.stackroute.registrationservice.RegistrationServiceApplicationTests]: class path resource [com/stackroute/registrationservice/RegistrationServiceApplicationTestsContext.groovy] does not exist
16:17:46.190 [main] INFO org.springframework.test.context.support.AbstractContextLoader - Could not detect default resource locations for test class [com.stackroute.registrationservice.RegistrationServiceApplicationTests]: no resource found for suffixes {-context.xml, Context.groovy}.
16:17:46.191 [main] INFO org.springframework.test.context.support.AnnotationConfigContextLoaderUtils - Could not detect default configuration classes for test class [com.stackroute.registrationservice.RegistrationServiceApplicationTests]: RegistrationServiceApplicationTests does not declare any static, non-private, non-final, nested classes annotated with @Configuration.
16:17:46.232 [main] DEBUG org.springframework.test.context.support.ActiveProfilesUtils - Could not find an 'annotation declaring class' for annotation type [org.springframework.test.context.ActiveProfiles] and class [com.stackroute.registrationservice.RegistrationServiceApplicationTests]
]]></system-out>
  </testcase>
</testsuite>